<?xml version="1.0" encoding="UTF-8"?>
<!-- Generated by org.testng.reporters.JUnitXMLReporter -->
<testsuite ignored="2" hostname="Affan" failures="1" tests="4" name="OrangeHRMTest" time="58.74" errors="0" timestamp="2025-10-25T15:09:07 IST">
  <testcase classname="com.orangeHRM.tests.DummyClass" name="dummyTest" time="0.028">
    <skipped/>
  </testcase> <!-- dummyTest -->
  <testcase classname="com.orangeHRM.tests.HomePageTest" name="verifyOrangeHRMlogo" time="11.02"/>
  <testcase classname="com.orangeHRM.tests.LoginPageTest" name="invalidLoginTest" time="10.665">
    <failure type="java.lang.AssertionError" message="Test Failed: Invalid Error Message expected [true] but found [false]">
      <![CDATA[java.lang.AssertionError: Test Failed: Invalid Error Message expected [true] but found [false]
at com.orangeHRM.tests.LoginPageTest.invalidLoginTest(LoginPageTest.java:44)
at java.base/java.util.concurrent.Executors$RunnableAdapter.call(Executors.java:545)
at java.base/java.util.concurrent.FutureTask.run(FutureTask.java:328)
at java.base/java.util.concurrent.ThreadPoolExecutor.runWorker(ThreadPoolExecutor.java:1095)
at java.base/java.util.concurrent.ThreadPoolExecutor$Worker.run(ThreadPoolExecutor.java:619)
at java.base/java.lang.Thread.run(Thread.java:1447)
... Removed 14 stack frames]]>
    </failure>
  </testcase> <!-- invalidLoginTest -->
  <testcase classname="com.orangeHRM.tests.LoginPageTest" name="verifyValidLoginTest" time="18.018"/>
  <testcase classname="com.orangeHRM.base.BaseClass" name="@BeforeSuite loadConfig" time="0.0">
    <ignored/>
  </testcase> <!-- @BeforeSuite loadConfig -->
  <testcase classname="com.orangeHRM.base.BaseClass" name="@BeforeSuite loadConfig" time="0.0">
    <ignored/>
  </testcase> <!-- @BeforeSuite loadConfig -->
</testsuite> <!-- OrangeHRMTest -->
